
****** Vitis HLS - High-Level Synthesis from C, C++ and OpenCL v2024.1.2 (64-bit)
  **** SW Build 5096458 on Sep  5 2024
  **** IP Build 5164407 on Fri Sep  6 08:18:11 MDT 2024
  **** SharedData Build 5164864 on Thu Sep 05 13:09:09 MDT 2024
  **** Start of session at: Mon Dec  8 18:02:58 2025
    ** Copyright 1986-2022 Xilinx, Inc. All Rights Reserved.
    ** Copyright 2022-2024 Advanced Micro Devices, Inc. All Rights Reserved.

source /tools/software/xilinx/ARCHIVE/Vitis_HLS/2024.1/scripts/vitis_hls/hls.tcl -notrace
INFO: [HLS 200-10] For user 'awanna3' on host 'chao-srv2.ece.gatech.edu' (Linux_x86_64 version 5.14.0-611.5.1.el9_7.x86_64) on Mon Dec 08 18:03:00 EST 2025
INFO: [HLS 200-10] In directory '/usr/scratch/awanna3/ssched_simulator/hardware-hls'
WARNING: [HLS 200-2053] The vitis_hls executable is deprecated. Consider using vitis-run --mode hls --tcl
Sourcing Tcl script './run_sw_qps.tcl'
INFO: [HLS 200-1510] Running: open_project -reset sw_qps_project_base 
INFO: [HLS 200-10] Opening and resetting project '/usr/scratch/awanna3/ssched_simulator/hardware-hls/sw_qps_project_base'.
INFO: [HLS 200-1510] Running: set_top sw_qps_top 
INFO: [HLS 200-1510] Running: add_files src/sw_qps_top.cpp 
INFO: [HLS 200-10] Adding design file 'src/sw_qps_top.cpp' to the project
INFO: [HLS 200-1510] Running: add_files src/sliding_window.h 
INFO: [HLS 200-10] Adding design file 'src/sliding_window.h' to the project
INFO: [HLS 200-1510] Running: add_files src/input_port.h 
INFO: [HLS 200-10] Adding design file 'src/input_port.h' to the project
INFO: [HLS 200-1510] Running: add_files src/output_port.h 
INFO: [HLS 200-10] Adding design file 'src/output_port.h' to the project
INFO: [HLS 200-1510] Running: add_files src/qps_sampler.cpp 
INFO: [HLS 200-10] Adding design file 'src/qps_sampler.cpp' to the project
INFO: [HLS 200-1510] Running: add_files src/utils.h 
INFO: [HLS 200-10] Adding design file 'src/utils.h' to the project
INFO: [HLS 200-1510] Running: add_files src/sw_qps_types.h 
INFO: [HLS 200-10] Adding design file 'src/sw_qps_types.h' to the project
INFO: [HLS 200-1510] Running: add_files -tb tb/tb_sw_qps_hls.cpp 
INFO: [HLS 200-10] Adding test bench file 'tb/tb_sw_qps_hls.cpp' to the project
INFO: [HLS 200-1510] Running: open_solution solution-base 
INFO: [HLS 200-10] Creating and opening solution '/usr/scratch/awanna3/ssched_simulator/hardware-hls/sw_qps_project_base/solution-base'.
INFO: [HLS 200-1505] Using default flow_target 'vivado'
Resolution: For help on HLS 200-1505 see docs.xilinx.com/access/sources/dita/topic?Doc_Version=2024.1%20English&url=ug1448-hls-guidance&resourceid=200-1505.html
INFO: [HLS 200-1510] Running: set_part xczu9eg-ffvb1156-2-e 
INFO: [HLS 200-1611] Setting target device to 'xczu9eg-ffvb1156-2-e'
INFO: [HLS 200-1510] Running: create_clock -period 5 -name default 
INFO: [SYN 201-201] Setting up clock 'default' with a period of 5ns.
=========================================
Step 1: Running C Simulation...
=========================================
INFO: [HLS 200-1510] Running: csim_design -clean 
INFO: [SIM 211-2] *************** CSIM start ***************
INFO: [SIM 211-4] CSIM will launch CLANG as the compiler.
INFO: [HLS 200-2036] Building debug C Simulation binaries
   Compiling ../../../../tb/tb_sw_qps_hls.cpp in debug mode
   Compiling ../../../../src/qps_sampler.cpp in debug mode
   Compiling ../../../../src/sw_qps_top.cpp in debug mode
   Generating csim.exe
========================================
SW-QPS HLS CO-SIMULATION TESTBENCH
========================================
Configuration:
  N = 4 ports
  T = 16 window size
  Knockout = 3

Skipping single cycle test (too slow)...

=== Starting Main Simulation ===
Testing 1 patterns x 2 loads
Each test: 10 warmup + 20 measurement cycles

[Test 1/2] uniform @ load=0.1

========================================
Testing: uniform traffic, load = 0.1
========================================
Initializing data structures...
Initializing VOQ tracking...
Resetting HLS core...
Reset complete!
Starting simulation loop: 30 cycles
  Cycle: 0/30 (arrivals=0, departures=0)
