
****** Vitis HLS - High-Level Synthesis from C, C++ and OpenCL v2024.1.2 (64-bit)
  **** SW Build 5096458 on Sep  5 2024
  **** IP Build 5164407 on Fri Sep  6 08:18:11 MDT 2024
  **** SharedData Build 5164864 on Thu Sep 05 13:09:09 MDT 2024
  **** Start of session at: Sun Nov 23 15:05:40 2025
    ** Copyright 1986-2022 Xilinx, Inc. All Rights Reserved.
    ** Copyright 2022-2024 Advanced Micro Devices, Inc. All Rights Reserved.

source /tools/software/xilinx/ARCHIVE/Vitis_HLS/2024.1/scripts/vitis_hls/hls.tcl -notrace
[1mSYNTAX [0m
  [1mvitis_hls[0m <[1mtclscripts[0m> [OPTIONS]

[1mDESCRIPTION[0m
  Vitis HLS command line

[1mOPTIONS[0m
  [1mtclscripts[0m : <string> 
    TCL file
  [1m-classic[0m [=true|[4mfalse[0m]
    use classic HLS IDE instead of Vitis Unified IDE
  [1m-config[0m <string> 
    Config ini files (may be specified 1+ times), must be used with -run
  [1m-eval[0m <string> 
    Run TCL commands
  [1m-f[0m [=true|[4mfalse[0m]
    TCL batch mode
  [1m-i[0m [=true|[4mfalse[0m]
    TCL interactive mode
  [1m-l[0m <string:[4mvitis_hls.log[0m> 
    log file
  [1m-n[0m [=true|[4mfalse[0m]
    do not show splash screen
  [1m-nolog[0m [=true|[4mfalse[0m]
    Disable log file creation
  [1m-nosplash[0m [=true|[4mfalse[0m]
    do not show splash screen
  [1m-p[0m <string> 
    project name
  [1m-run[0m <csim|csynth|cosim|vivado|package|tcl>
    run target
  [1m-terse[0m [=true|[4mfalse[0m]
    Filter stdout to only show status INFO and WARNING messages, log file will contain all messages
  [1m-version[0m [=true|[4mfalse[0m]
    show product version
  [1m-work_dir[0m <string> 
    Output project directory, must be used with -run target

[1mSEE ALSO[0m
  docs.xilinx.com/access/sources/dita/topic?Doc_Version=2023.1%20English&url=ug1399-vitis-hls&resourceid=wic1584802485878.html

INFO: [HLS 200-112] Total CPU user time: 1.84 seconds. Total CPU system time: 0.07 seconds. Total elapsed time: 1.92 seconds; peak allocated memory: 0.000 MB.
